<?xml version="1.0" encoding="UTF-8"?>
<testsuite name="com.example.TestSuite" tests="4" failures="1" errors="1" skipped="1" time="0.123">
  <testcase name="testPasses" classname="com.example.TestSuite" time="0.010">
  </testcase>
  <testcase name="testFails" classname="com.example.TestSuite" time="0.020">
    <failure message="expected 2 but got 1" type="AssertionError">com.example.TestSuite.testFails()</failure>
  </testcase>
  <testcase name="testErrors" classname="com.example.TestSuite" time="0.030">
    <error message="connection refused" type="java.net.ConnectException">java.net.ConnectException: connection refused</error>
  </testcase>
  <testcase name="testSkipped" classname="com.example.TestSuite" time="0.000">
    <skipped message="not implemented yet"/>
  </testcase>
</testsuite>
